{
  "RSpec": {
    "coverage": {
      "/Users/erikasmith/turing/3mod/projects/rales_engine/config/environment.rb": [
        null,
        1,
        null,
        null,
        1
      ],
      "/Users/erikasmith/turing/3mod/projects/rales_engine/config/application.rb": [
        1,
        null,
        1,
        null,
        1,
        1,
        1,
        1,
        1,
        1,
        1,
        null,
        null,
        null,
        null,
        null,
        1,
        null,
        1,
        1,
        null,
        1,
        null,
        null,
        null,
        null,
        null,
        null,
        null,
        null,
        1,
        null,
        null
      ],
      "/Users/erikasmith/turing/3mod/projects/rales_engine/config/boot.rb": [
        1,
        null,
        1
      ],
      "/Users/erikasmith/turing/3mod/projects/rales_engine/config/environments/test.rb": [
        1,
        null,
        null,
        null,
        null,
        null,
        null,
        1,
        null,
        null,
        null,
        null,
        1,
        null,
        null,
        1,
        1,
        null,
        null,
        null,
        null,
        1,
        1,
        null,
        null,
        1,
        null,
        null,
        1,
        1,
        null,
        null,
        null,
        null,
        1,
        null,
        null,
        1,
        null,
        null,
        null,
        null
      ],
      "/Users/erikasmith/turing/3mod/projects/rales_engine/config/initializers/application_controller_renderer.rb": [
        null,
        null,
        null,
        null,
        null,
        null,
        null,
        null
      ],
      "/Users/erikasmith/turing/3mod/projects/rales_engine/config/initializers/backtrace_silencers.rb": [
        null,
        null,
        null,
        null,
        null,
        null,
        null
      ],
      "/Users/erikasmith/turing/3mod/projects/rales_engine/config/initializers/cors.rb": [
        null,
        null,
        null,
        null,
        null,
        null,
        null,
        null,
        null,
        null,
        null,
        null,
        null,
        null,
        null,
        null
      ],
      "/Users/erikasmith/turing/3mod/projects/rales_engine/config/initializers/filter_parameter_logging.rb": [
        null,
        null,
        null,
        1
      ],
      "/Users/erikasmith/turing/3mod/projects/rales_engine/config/initializers/inflections.rb": [
        null,
        null,
        null,
        null,
        null,
        null,
        null,
        null,
        null,
        null,
        null,
        null,
        null,
        null,
        null,
        null
      ],
      "/Users/erikasmith/turing/3mod/projects/rales_engine/config/initializers/mime_types.rb": [
        null,
        null,
        null,
        null
      ],
      "/Users/erikasmith/turing/3mod/projects/rales_engine/config/initializers/wrap_parameters.rb": [
        null,
        null,
        null,
        null,
        null,
        null,
        1,
        2,
        null,
        null,
        null,
        null,
        null,
        null
      ],
      "/Users/erikasmith/turing/3mod/projects/rales_engine/config/routes.rb": [
        1,
        null,
        1,
        1,
        1,
        1,
        1,
        1,
        1,
        1,
        1,
        1,
        1,
        1,
        null,
        null,
        null,
        1,
        1,
        1,
        1,
        1,
        1,
        1,
        1,
        null,
        null,
        1,
        1,
        1,
        1,
        1,
        1,
        null,
        null,
        1,
        1,
        1,
        1,
        1,
        1,
        1,
        1,
        null,
        null,
        1,
        1,
        1,
        1,
        1,
        null,
        null,
        1,
        1,
        1,
        1,
        null,
        null,
        1,
        1,
        1,
        null,
        1,
        1,
        null,
        1,
        1,
        1,
        1,
        null,
        null,
        null,
        null
      ],
      "/Users/erikasmith/turing/3mod/projects/rales_engine/app/models/merchant.rb": [
        1,
        1,
        1,
        1,
        1,
        1,
        null,
        1,
        null,
        null,
        null,
        null,
        null,
        1,
        null,
        null,
        1,
        null,
        null,
        null,
        null,
        null,
        1,
        null,
        null,
        1,
        2,
        null,
        null,
        null,
        null,
        1,
        null,
        null,
        null,
        null,
        null,
        1,
        null,
        null,
        null,
        1,
        null,
        null,
        null,
        null,
        1,
        null,
        null,
        1,
        null,
        null,
        null,
        null,
        null,
        null,
        1,
        null,
        null,
        null
      ],
      "/Users/erikasmith/turing/3mod/projects/rales_engine/app/models/application_record.rb": [
        1,
        1,
        null
      ],
      "/Users/erikasmith/turing/3mod/projects/rales_engine/app/models/customer.rb": [
        1,
        1,
        1,
        1,
        null,
        1,
        null,
        null,
        null,
        null,
        null,
        null,
        1,
        null,
        null
      ],
      "/Users/erikasmith/turing/3mod/projects/rales_engine/app/models/item.rb": [
        1,
        1,
        1,
        1,
        null,
        28,
        null,
        1,
        null,
        null,
        null,
        null,
        null,
        1,
        null,
        null,
        1,
        null,
        null,
        null,
        null,
        null,
        1,
        null,
        null,
        1,
        null,
        null,
        null,
        null,
        null,
        null,
        1,
        null,
        null
      ],
      "/Users/erikasmith/turing/3mod/projects/rales_engine/app/models/invoice.rb": [
        1,
        1,
        1,
        1,
        1,
        1,
        null,
        null
      ],
      "/Users/erikasmith/turing/3mod/projects/rales_engine/app/models/transaction.rb": [
        1,
        null,
        1,
        null,
        11,
        null,
        99,
        null
      ],
      "/Users/erikasmith/turing/3mod/projects/rales_engine/app/models/invoice_item.rb": [
        1,
        1,
        1,
        null
      ],
      "/Users/erikasmith/turing/3mod/projects/rales_engine/app/controllers/api/v1/customers/merchant_controller.rb": [
        1,
        null,
        1,
        1,
        1,
        null,
        null,
        null
      ],
      "/Users/erikasmith/turing/3mod/projects/rales_engine/app/controllers/application_controller.rb": [
        1,
        null
      ],
      "/Users/erikasmith/turing/3mod/projects/rales_engine/app/serializers/merchant_serializer.rb": [
        1,
        1,
        null
      ],
      "/Users/erikasmith/turing/3mod/projects/rales_engine/app/controllers/api/v1/invoices/transactions_controller.rb": [
        1,
        null,
        1,
        1,
        1,
        null,
        null,
        null
      ],
      "/Users/erikasmith/turing/3mod/projects/rales_engine/app/serializers/transaction_serializer.rb": [
        1,
        1,
        null
      ],
      "/Users/erikasmith/turing/3mod/projects/rales_engine/app/controllers/api/v1/invoices/invoice_items_controller.rb": [
        1,
        null,
        1,
        1,
        1,
        null,
        null,
        null
      ],
      "/Users/erikasmith/turing/3mod/projects/rales_engine/app/serializers/invoice_item_serializer.rb": [
        1,
        1,
        null,
        1,
        1,
        null,
        null
      ],
      "/Users/erikasmith/turing/3mod/projects/rales_engine/app/controllers/api/v1/items/revenue_controller.rb": [
        1,
        null,
        1,
        1,
        null,
        null,
        null
      ],
      "/Users/erikasmith/turing/3mod/projects/rales_engine/app/serializers/item_serializer.rb": [
        1,
        1,
        null,
        1,
        6,
        null,
        null
      ],
      "/Users/erikasmith/turing/3mod/projects/rales_engine/app/controllers/api/v1/items/item_controller.rb": [
        1,
        null,
        1,
        1,
        null,
        null,
        1,
        1,
        null,
        null,
        null
      ],
      "/Users/erikasmith/turing/3mod/projects/rales_engine/app/controllers/api/v1/merchants/revenue_controller.rb": [
        1,
        null,
        1,
        1,
        null,
        null,
        1,
        2,
        2,
        null,
        null,
        1,
        null,
        1,
        2,
        null,
        null,
        null
      ],
      "/Users/erikasmith/turing/3mod/projects/rales_engine/app/controllers/api/v1/merchants/item_controller.rb": [
        1,
        null,
        1,
        1,
        null,
        null,
        null
      ],
      "/Users/erikasmith/turing/3mod/projects/rales_engine/app/controllers/api/v1/merchants/invoice_controller.rb": [
        1,
        null,
        1,
        1,
        1,
        null,
        null,
        null
      ],
      "/Users/erikasmith/turing/3mod/projects/rales_engine/app/serializers/total_revenue_serializer.rb": [
        1,
        1,
        null,
        1,
        1,
        null,
        null,
        null
      ],
      "/Users/erikasmith/turing/3mod/projects/rales_engine/app/serializers/revenue_serializer.rb": [
        1,
        1,
        null,
        1,
        2,
        null,
        null,
        null
      ],
      "/Users/erikasmith/turing/3mod/projects/rales_engine/app/controllers/api/v1/merchants/customer_controller.rb": [
        1,
        null,
        1,
        1,
        1,
        null,
        null,
        null
      ],
      "/Users/erikasmith/turing/3mod/projects/rales_engine/app/serializers/customer_serializer.rb": [
        1,
        1,
        null
      ],
      "/Users/erikasmith/turing/3mod/projects/rales_engine/app/controllers/api/v1/merchants/item_relationship_controller.rb": [
        1,
        null,
        1,
        2,
        2,
        null,
        null,
        null
      ],
      "/Users/erikasmith/turing/3mod/projects/rales_engine/app/controllers/api/v1/merchants/invoice_relationship_controller.rb": [
        1,
        null,
        1,
        1,
        1,
        null,
        null,
        null
      ],
      "/Users/erikasmith/turing/3mod/projects/rales_engine/app/serializers/invoice_serializer.rb": [
        1,
        1,
        null
      ],
      "/Users/erikasmith/turing/3mod/projects/rales_engine/app/controllers/api/v1/merchants_controller.rb": [
        1,
        null,
        1,
        1,
        null,
        null,
        1,
        1,
        null,
        null,
        null
      ]
    },
    "timestamp": 1512069572
  }
}
